<?xml version="1.0" encoding="UTF-8"?>
<!-- Generated by org.testng.reporters.JUnitReportReporter -->
<testsuite hostname="DESKTOP-SQMA1VG" failures="0" tests="2" name="org.training.tests.TC_Demo_001_ValidateLoginFeature" time="41.664" errors="0" timestamp="03 Jan 2021 04:17:02 GMT" skipped="0">
  <testcase classname="org.training.tests.TC_Demo_001_ValidateLoginFeature" name="checklogin" time="18.143"/>
  <testcase classname="org.training.tests.TC_Demo_001_ValidateLoginFeature" name="checklogin" time="23.521"/>
</testsuite> <!-- org.training.tests.TC_Demo_001_ValidateLoginFeature -->
